==================================================
  招聘台账系统  v2.2
  拖拽上传简历，自动识别
==================================================
[TUNNEL] 尝试 localhost.run ...
[TUNNEL:localhost.run] Pseudo-terminal will not be allocated because stdin is not a terminal.
[TUNNEL:localhost.run] ===============================================================================
[TUNNEL:localhost.run] Welcome to localhost.run!
[TUNNEL:localhost.run] Follow your favourite reverse tunnel at [https://twitter.com/localhost_run].
[TUNNEL:localhost.run] To set up and manage custom domains go to https://admin.localhost.run/
[TUNNEL:localhost.run] More details on custom domains (and how to enable subdomains of your custom
[TUNNEL:localhost.run] domain) at https://localhost.run/docs/custom-domains
[TUNNEL:localhost.run] If you get a permission denied error check the faq for how to connect with a key or
[TUNNEL:localhost.run] create a free tunnel without a key at [http://localhost:3000/docs/faq#generating-an-ssh-key].
[TUNNEL:localhost.run] To explore using localhost.run visit the documentation site:
[TUNNEL:localhost.run] https://localhost.run/docs/
[TUNNEL:localhost.run] ===============================================================================
[TUNNEL:localhost.run] ** your connection id is cf1756ac-dbe1-4300-a918-9ee28d6960e9, please mention it if you send me a message about an issue. **
[TUNNEL:localhost.run] authenticated as anonymous user
[TUNNEL:localhost.run] 1410fef944a09d.lhr.life tunneled with tls termination, https://1410fef944a09d.lhr.life
[TUNNEL] ✅ localhost.run 连接成功!
[TUNNEL] 公网地址: https://1410fef944a09d.lhr.life

[WEB] 本地地址: http://127.0.0.1:5000
[WEB] 公网地址: https://1410fef944a09d.lhr.life
[WEB] 将此链接发送给朋友即可访问!
[WEB] 按 Ctrl+C 停止服务

 * Serving Flask app 'app'
 * Debug mode: off
